android/app/build/intermediates/manifest_merge_blame_file/release/manifest-merger-blame-release-report.txt
1<?xml version="1.0" encoding="utf-8"?>
2<manifest xmlns:android="http://schemas.android.com/apk/res/android"
3    package="uk.co.adappt.whoarv"
4    android:versionCode="16"
5    android:versionName="1.2" >
6
7    <uses-sdk
8        android:minSdkVersion="21"
8-->src/main/AndroidManifest.xml
9        android:targetSdkVersion="34" />
9-->src/main/AndroidManifest.xml
10
11    <uses-permission android:name="android.permission.INTERNET" />
11-->src/main/AndroidManifest.xml:6:5-67
11-->src/main/AndroidManifest.xml:6:22-64
12    <uses-permission android:name="android.permission.ACCESS_NETWORK_STATE" />
12-->src/main/AndroidManifest.xml:7:5-79
12-->src/main/AndroidManifest.xml:7:22-76
13    <uses-permission android:name="android.permission.SYSTEM_ALERT_WINDOW" />
13-->src/main/AndroidManifest.xml:8:5-77
13-->src/main/AndroidManifest.xml:8:22-75
14    <uses-permission android:name="android.permission.POST_NOTIFICATIONS" />
14-->src/main/AndroidManifest.xml:9:5-76
14-->src/main/AndroidManifest.xml:9:22-74
15    <uses-permission android:name="android.permission.ACCESS_WIFI_STATE" />
15-->[:react-native-community_netinfo] AndroidManifest.xml:10:5-76
15-->[:react-native-community_netinfo] AndroidManifest.xml:10:22-73
16    <uses-permission android:name="android.permission.WAKE_LOCK" />
16-->[:react-native-firebase_messaging] AndroidManifest.xml:10:5-68
16-->[:react-native-firebase_messaging] AndroidManifest.xml:10:22-65
17    <uses-permission android:name="android.permission.WRITE_EXTERNAL_STORAGE" /> <!-- Required to access Google Play Licensing -->
17-->[:react-native-fs] AndroidManifest.xml:9:5-81
17-->[:react-native-fs] AndroidManifest.xml:9:22-78
18    <uses-permission android:name="com.android.vending.CHECK_LICENSE" /> <!-- Required by older versions of Google Play services to create IID tokens -->
18-->[:rn-fetch-blob] AndroidManifest.xml:10:5-73
18-->[:rn-fetch-blob] AndroidManifest.xml:10:22-70
19    <uses-permission android:name="com.google.android.c2dm.permission.RECEIVE" />
19-->[com.google.firebase:firebase-messaging:23.4.0] AndroidManifest.xml:26:5-82
19-->[com.google.firebase:firebase-messaging:23.4.0] AndroidManifest.xml:26:22-79
20    <uses-permission android:name="com.google.android.finsky.permission.BIND_GET_INSTALL_REFERRER_SERVICE" /> <!-- for android -->
20-->[com.android.installreferrer:installreferrer:1.1.2] AndroidManifest.xml:9:5-110
20-->[com.android.installreferrer:installreferrer:1.1.2] AndroidManifest.xml:9:22-107
21    <!-- <uses-permission android:name="com.android.launcher.permission.READ_SETTINGS"/> -->
22    <!-- <uses-permission android:name="com.android.launcher.permission.WRITE_SETTINGS"/> -->
23    <!-- <uses-permission android:name="com.android.launcher.permission.INSTALL_SHORTCUT" /> -->
24    <!-- <uses-permission android:name="com.android.launcher.permission.UNINSTALL_SHORTCUT" /> -->
25    <!-- for Samsung -->
26    <uses-permission android:name="com.sec.android.provider.badge.permission.READ" />
26-->[me.leolin:ShortcutBadger:1.1.22] AndroidManifest.xml:19:5-86
26-->[me.leolin:ShortcutBadger:1.1.22] AndroidManifest.xml:19:22-83
27    <uses-permission android:name="com.sec.android.provider.badge.permission.WRITE" /> <!-- for htc -->
27-->[me.leolin:ShortcutBadger:1.1.22] AndroidManifest.xml:20:5-87
27-->[me.leolin:ShortcutBadger:1.1.22] AndroidManifest.xml:20:22-84
28    <uses-permission android:name="com.htc.launcher.permission.READ_SETTINGS" />
28-->[me.leolin:ShortcutBadger:1.1.22] AndroidManifest.xml:23:5-81
28-->[me.leolin:ShortcutBadger:1.1.22] AndroidManifest.xml:23:22-78
29    <uses-permission android:name="com.htc.launcher.permission.UPDATE_SHORTCUT" /> <!-- for sony -->
29-->[me.leolin:ShortcutBadger:1.1.22] AndroidManifest.xml:24:5-83
29-->[me.leolin:ShortcutBadger:1.1.22] AndroidManifest.xml:24:22-80
30    <uses-permission android:name="com.sonyericsson.home.permission.BROADCAST_BADGE" />
30-->[me.leolin:ShortcutBadger:1.1.22] AndroidManifest.xml:27:5-88
30-->[me.leolin:ShortcutBadger:1.1.22] AndroidManifest.xml:27:22-85
31    <uses-permission android:name="com.sonymobile.home.permission.PROVIDER_INSERT_BADGE" /> <!-- for apex -->
31-->[me.leolin:ShortcutBadger:1.1.22] AndroidManifest.xml:28:5-92
31-->[me.leolin:ShortcutBadger:1.1.22] AndroidManifest.xml:28:22-89
32    <uses-permission android:name="com.anddoes.launcher.permission.UPDATE_COUNT" /> <!-- for solid -->
32-->[me.leolin:ShortcutBadger:1.1.22] AndroidManifest.xml:31:5-84
32-->[me.leolin:ShortcutBadger:1.1.22] AndroidManifest.xml:31:22-81
33    <uses-permission android:name="com.majeur.launcher.permission.UPDATE_BADGE" /> <!-- for huawei -->
33-->[me.leolin:ShortcutBadger:1.1.22] AndroidManifest.xml:34:5-83
33-->[me.leolin:ShortcutBadger:1.1.22] AndroidManifest.xml:34:22-80
34    <uses-permission android:name="com.huawei.android.launcher.permission.CHANGE_BADGE" />
34-->[me.leolin:ShortcutBadger:1.1.22] AndroidManifest.xml:37:5-91
34-->[me.leolin:ShortcutBadger:1.1.22] AndroidManifest.xml:37:22-88
35    <uses-permission android:name="com.huawei.android.launcher.permission.READ_SETTINGS" />
35-->[me.leolin:ShortcutBadger:1.1.22] AndroidManifest.xml:38:5-92
35-->[me.leolin:ShortcutBadger:1.1.22] AndroidManifest.xml:38:22-89
36    <uses-permission android:name="com.huawei.android.launcher.permission.WRITE_SETTINGS" /> <!-- for ZUK -->
36-->[me.leolin:ShortcutBadger:1.1.22] AndroidManifest.xml:39:5-93
36-->[me.leolin:ShortcutBadger:1.1.22] AndroidManifest.xml:39:22-90
37    <uses-permission android:name="android.permission.READ_APP_BADGE" /> <!-- for OPPO -->
37-->[me.leolin:ShortcutBadger:1.1.22] AndroidManifest.xml:42:5-73
37-->[me.leolin:ShortcutBadger:1.1.22] AndroidManifest.xml:42:22-70
38    <uses-permission android:name="com.oppo.launcher.permission.READ_SETTINGS" />
38-->[me.leolin:ShortcutBadger:1.1.22] AndroidManifest.xml:45:5-82
38-->[me.leolin:ShortcutBadger:1.1.22] AndroidManifest.xml:45:22-79
39    <uses-permission android:name="com.oppo.launcher.permission.WRITE_SETTINGS" /> <!-- for EvMe -->
39-->[me.leolin:ShortcutBadger:1.1.22] AndroidManifest.xml:46:5-83
39-->[me.leolin:ShortcutBadger:1.1.22] AndroidManifest.xml:46:22-80
40    <uses-permission android:name="me.everything.badger.permission.BADGE_COUNT_READ" />
40-->[me.leolin:ShortcutBadger:1.1.22] AndroidManifest.xml:49:5-88
40-->[me.leolin:ShortcutBadger:1.1.22] AndroidManifest.xml:49:22-85
41    <uses-permission android:name="me.everything.badger.permission.BADGE_COUNT_WRITE" />
41-->[me.leolin:ShortcutBadger:1.1.22] AndroidManifest.xml:50:5-89
41-->[me.leolin:ShortcutBadger:1.1.22] AndroidManifest.xml:50:22-86
42
43    <application
43-->src/main/AndroidManifest.xml:10:5-46:19
44        android:name="uk.co.adappt.whoarv.MainApplication"
44-->src/main/AndroidManifest.xml:11:7-38
45        android:allowBackup="false"
45-->src/main/AndroidManifest.xml:15:7-34
46        android:appComponentFactory="androidx.core.app.CoreComponentFactory"
46-->[androidx.core:core:1.8.0] AndroidManifest.xml:24:18-86
47        android:icon="@mipmap/ic_launcher"
47-->src/main/AndroidManifest.xml:13:7-41
48        android:label="@string/app_name"
48-->src/main/AndroidManifest.xml:12:7-39
49        android:roundIcon="@mipmap/ic_launcher_round"
49-->src/main/AndroidManifest.xml:14:7-52
50        android:theme="@style/AppTheme" >
50-->src/main/AndroidManifest.xml:16:7-38
51        <activity
51-->src/main/AndroidManifest.xml:18:7-36:18
52            android:name="uk.co.adappt.whoarv.MainActivity"
52-->src/main/AndroidManifest.xml:19:9-37
53            android:configChanges="keyboard|keyboardHidden|orientation|screenLayout|screenSize|smallestScreenSize|uiMode"
53-->src/main/AndroidManifest.xml:21:9-118
54            android:exported="true"
54-->src/main/AndroidManifest.xml:24:9-32
55            android:label="@string/app_name"
55-->src/main/AndroidManifest.xml:20:9-41
56            android:launchMode="singleTask"
56-->src/main/AndroidManifest.xml:22:9-40
57            android:screenOrientation="portrait"
57-->src/main/AndroidManifest.xml:23:9-45
58            android:windowSoftInputMode="adjustResize" >
58-->src/main/AndroidManifest.xml:25:9-51
59            <intent-filter>
59-->src/main/AndroidManifest.xml:26:9-29:25
60                <action android:name="android.intent.action.MAIN" />
60-->src/main/AndroidManifest.xml:27:13-65
60-->src/main/AndroidManifest.xml:27:21-62
61
62                <category android:name="android.intent.category.LAUNCHER" />
62-->src/main/AndroidManifest.xml:28:13-73
62-->src/main/AndroidManifest.xml:28:23-70
63            </intent-filter>
64            <intent-filter android:label="@string/app_name" >
64-->src/main/AndroidManifest.xml:30:9-35:25
64-->src/main/AndroidManifest.xml:30:24-56
65                <action android:name="android.intent.action.VIEW" />
65-->src/main/AndroidManifest.xml:31:13-65
65-->src/main/AndroidManifest.xml:31:21-62
66
67                <category android:name="android.intent.category.DEFAULT" />
67-->src/main/AndroidManifest.xml:32:13-72
67-->src/main/AndroidManifest.xml:32:23-69
68                <category android:name="android.intent.category.BROWSABLE" />
68-->src/main/AndroidManifest.xml:33:13-74
68-->src/main/AndroidManifest.xml:33:23-71
69
70                <data android:scheme="whohivtx" />
70-->src/main/AndroidManifest.xml:34:13-46
70-->src/main/AndroidManifest.xml:34:19-44
71            </intent-filter>
72        </activity>
73        <activity android:name="com.facebook.react.devsupport.DevSettingsActivity" />
73-->src/main/AndroidManifest.xml:37:7-84
73-->src/main/AndroidManifest.xml:37:17-81
74
75        <meta-data
75-->src/main/AndroidManifest.xml:38:7-40:64
76            android:name="com.google.firebase.messaging.default_notification_icon"
76-->src/main/AndroidManifest.xml:39:11-81
77            android:resource="@mipmap/ic_stat_ic_notification" />
77-->src/main/AndroidManifest.xml:40:11-61
78        <meta-data
78-->src/main/AndroidManifest.xml:41:6-44:46
79            android:name="com.google.firebase.messaging.default_notification_color"
79-->src/main/AndroidManifest.xml:42:11-82
80            android:resource="@color/coloraccent" />
80-->src/main/AndroidManifest.xml:43:11-48
81        <meta-data
81-->src/main/AndroidManifest.xml:45:7-74
82            android:name="android.max_aspect"
82-->src/main/AndroidManifest.xml:45:18-51
83            android:value="2.1" />
83-->src/main/AndroidManifest.xml:45:52-71
84
85        <service
85-->[:react-native-firebase_messaging] AndroidManifest.xml:14:9-16:40
86            android:name="io.invertase.firebase.messaging.ReactNativeFirebaseMessagingHeadlessService"
86-->[:react-native-firebase_messaging] AndroidManifest.xml:15:13-103
87            android:exported="false" />
87-->[:react-native-firebase_messaging] AndroidManifest.xml:16:13-37
88        <service
88-->[:react-native-firebase_messaging] AndroidManifest.xml:17:9-23:19
89            android:name="io.invertase.firebase.messaging.ReactNativeFirebaseMessagingService"
89-->[:react-native-firebase_messaging] AndroidManifest.xml:18:13-95
90            android:exported="false" >
90-->[:react-native-firebase_messaging] AndroidManifest.xml:19:13-37
91            <intent-filter>
91-->[:react-native-firebase_messaging] AndroidManifest.xml:20:13-22:29
92                <action android:name="com.google.firebase.MESSAGING_EVENT" />
92-->[:react-native-firebase_messaging] AndroidManifest.xml:21:17-78
92-->[:react-native-firebase_messaging] AndroidManifest.xml:21:25-75
93            </intent-filter>
94        </service>
95
96        <receiver
96-->[:react-native-firebase_messaging] AndroidManifest.xml:25:9-32:20
97            android:name="io.invertase.firebase.messaging.ReactNativeFirebaseMessagingReceiver"
97-->[:react-native-firebase_messaging] AndroidManifest.xml:26:13-96
98            android:exported="true"
98-->[:react-native-firebase_messaging] AndroidManifest.xml:27:13-36
99            android:permission="com.google.android.c2dm.permission.SEND" >
99-->[:react-native-firebase_messaging] AndroidManifest.xml:28:13-73
100            <intent-filter>
100-->[:react-native-firebase_messaging] AndroidManifest.xml:29:13-31:29
101                <action android:name="com.google.android.c2dm.intent.RECEIVE" />
101-->[:react-native-firebase_messaging] AndroidManifest.xml:30:17-81
101-->[:react-native-firebase_messaging] AndroidManifest.xml:30:25-78
102            </intent-filter>
103        </receiver>
104
105        <meta-data
105-->[:react-native-firebase_messaging] AndroidManifest.xml:34:9-36:36
106            android:name="firebase_messaging_auto_init_enabled"
106-->[:react-native-firebase_messaging] AndroidManifest.xml:35:13-64
107            android:value="true" />
107-->[:react-native-firebase_messaging] AndroidManifest.xml:36:13-33
108        <meta-data
108-->[:react-native-firebase_messaging] AndroidManifest.xml:37:9-39:32
109            android:name="com.google.firebase.messaging.default_notification_channel_id"
109-->[:react-native-firebase_messaging] AndroidManifest.xml:38:13-89
110            android:value="" />
110-->[:react-native-firebase_messaging] AndroidManifest.xml:39:13-29
111        <meta-data
111-->[:react-native-firebase_app] AndroidManifest.xml:11:9-13:36
112            android:name="app_data_collection_default_enabled"
112-->[:react-native-firebase_app] AndroidManifest.xml:12:13-63
113            android:value="true" />
113-->[:react-native-firebase_app] AndroidManifest.xml:13:13-33
114
115        <service
115-->[:react-native-firebase_app] AndroidManifest.xml:15:9-23:19
116            android:name="com.google.firebase.components.ComponentDiscoveryService"
116-->[:react-native-firebase_app] AndroidManifest.xml:16:13-84
117            android:directBootAware="true"
117-->[:react-native-firebase_app] AndroidManifest.xml:17:13-43
118            android:exported="false" >
118-->[:react-native-firebase_app] AndroidManifest.xml:18:13-37
119            <meta-data
119-->[:react-native-firebase_app] AndroidManifest.xml:20:13-22:85
120                android:name="com.google.firebase.components:io.invertase.firebase.app.ReactNativeFirebaseAppRegistrar"
120-->[:react-native-firebase_app] AndroidManifest.xml:21:17-120
121                android:value="com.google.firebase.components.ComponentRegistrar" />
121-->[:react-native-firebase_app] AndroidManifest.xml:22:17-82
122            <meta-data
122-->[com.google.firebase:firebase-messaging:23.4.0] AndroidManifest.xml:57:13-59:85
123                android:name="com.google.firebase.components:com.google.firebase.messaging.FirebaseMessagingKtxRegistrar"
123-->[com.google.firebase:firebase-messaging:23.4.0] AndroidManifest.xml:58:17-122
124                android:value="com.google.firebase.components.ComponentRegistrar" />
124-->[com.google.firebase:firebase-messaging:23.4.0] AndroidManifest.xml:59:17-82
125            <meta-data
125-->[com.google.firebase:firebase-messaging:23.4.0] AndroidManifest.xml:60:13-62:85
126                android:name="com.google.firebase.components:com.google.firebase.messaging.FirebaseMessagingRegistrar"
126-->[com.google.firebase:firebase-messaging:23.4.0] AndroidManifest.xml:61:17-119
127                android:value="com.google.firebase.components.ComponentRegistrar" />
127-->[com.google.firebase:firebase-messaging:23.4.0] AndroidManifest.xml:62:17-82
128            <meta-data
128-->[com.google.firebase:firebase-datatransport:18.1.7] AndroidManifest.xml:27:13-29:85
129                android:name="com.google.firebase.components:com.google.firebase.datatransport.TransportRegistrar"
129-->[com.google.firebase:firebase-datatransport:18.1.7] AndroidManifest.xml:28:17-115
130                android:value="com.google.firebase.components.ComponentRegistrar" />
130-->[com.google.firebase:firebase-datatransport:18.1.7] AndroidManifest.xml:29:17-82
131            <meta-data
131-->[com.google.firebase:firebase-installations:17.2.0] AndroidManifest.xml:15:13-17:85
132                android:name="com.google.firebase.components:com.google.firebase.installations.FirebaseInstallationsKtxRegistrar"
132-->[com.google.firebase:firebase-installations:17.2.0] AndroidManifest.xml:16:17-130
133                android:value="com.google.firebase.components.ComponentRegistrar" />
133-->[com.google.firebase:firebase-installations:17.2.0] AndroidManifest.xml:17:17-82
134            <meta-data
134-->[com.google.firebase:firebase-installations:17.2.0] AndroidManifest.xml:18:13-20:85
135                android:name="com.google.firebase.components:com.google.firebase.installations.FirebaseInstallationsRegistrar"
135-->[com.google.firebase:firebase-installations:17.2.0] AndroidManifest.xml:19:17-127
136                android:value="com.google.firebase.components.ComponentRegistrar" />
136-->[com.google.firebase:firebase-installations:17.2.0] AndroidManifest.xml:20:17-82
137            <meta-data
137-->[com.google.firebase:firebase-common-ktx:20.4.2] AndroidManifest.xml:12:13-14:85
138                android:name="com.google.firebase.components:com.google.firebase.ktx.FirebaseCommonLegacyRegistrar"
138-->[com.google.firebase:firebase-common-ktx:20.4.2] AndroidManifest.xml:13:17-116
139                android:value="com.google.firebase.components.ComponentRegistrar" />
139-->[com.google.firebase:firebase-common-ktx:20.4.2] AndroidManifest.xml:14:17-82
140            <meta-data
140-->[com.google.firebase:firebase-common:20.4.2] AndroidManifest.xml:35:13-37:85
141                android:name="com.google.firebase.components:com.google.firebase.FirebaseCommonKtxRegistrar"
141-->[com.google.firebase:firebase-common:20.4.2] AndroidManifest.xml:36:17-109
142                android:value="com.google.firebase.components.ComponentRegistrar" />
142-->[com.google.firebase:firebase-common:20.4.2] AndroidManifest.xml:37:17-82
143        </service>
144
145        <provider
145-->[:react-native-firebase_app] AndroidManifest.xml:25:9-29:38
146            android:name="io.invertase.firebase.app.ReactNativeFirebaseAppInitProvider"
146-->[:react-native-firebase_app] AndroidManifest.xml:26:13-88
147            android:authorities="uk.co.adappt.whoarv.reactnativefirebaseappinitprovider"
147-->[:react-native-firebase_app] AndroidManifest.xml:27:13-86
148            android:exported="false"
148-->[:react-native-firebase_app] AndroidManifest.xml:28:13-37
149            android:initOrder="99" />
149-->[:react-native-firebase_app] AndroidManifest.xml:29:13-35
150        <provider
150-->[:react-native-file-viewer] AndroidManifest.xml:10:9-18:20
151            android:name="com.vinzscam.reactnativefileviewer.FileProvider"
151-->[:react-native-file-viewer] AndroidManifest.xml:11:13-75
152            android:authorities="uk.co.adappt.whoarv.provider"
152-->[:react-native-file-viewer] AndroidManifest.xml:12:13-60
153            android:exported="false"
153-->[:react-native-file-viewer] AndroidManifest.xml:13:13-37
154            android:grantUriPermissions="true" >
154-->[:react-native-file-viewer] AndroidManifest.xml:14:13-47
155            <meta-data
155-->[:react-native-file-viewer] AndroidManifest.xml:15:13-17:70
156                android:name="android.support.FILE_PROVIDER_PATHS"
156-->[:react-native-file-viewer] AndroidManifest.xml:16:17-67
157                android:resource="@xml/file_viewer_provider_paths" />
157-->[:react-native-file-viewer] AndroidManifest.xml:17:17-67
158        </provider>
159        <provider
159-->[:rn-fetch-blob] AndroidManifest.xml:34:9-42:20
160            android:name="com.RNFetchBlob.Utils.FileProvider"
160-->[:rn-fetch-blob] AndroidManifest.xml:35:13-62
161            android:authorities="uk.co.adappt.whoarv.provider"
161-->[:rn-fetch-blob] AndroidManifest.xml:36:13-60
162            android:exported="false"
162-->[:rn-fetch-blob] AndroidManifest.xml:37:13-37
163            android:grantUriPermissions="true" >
163-->[:rn-fetch-blob] AndroidManifest.xml:38:13-47
164            <meta-data
164-->[:react-native-file-viewer] AndroidManifest.xml:15:13-17:70
165                android:name="android.support.FILE_PROVIDER_PATHS"
165-->[:react-native-file-viewer] AndroidManifest.xml:16:17-67
166                android:resource="@xml/provider_paths" />
166-->[:react-native-file-viewer] AndroidManifest.xml:17:17-67
167        </provider>
168
169        <receiver
169-->[com.google.firebase:firebase-messaging:23.4.0] AndroidManifest.xml:29:9-40:20
170            android:name="com.google.firebase.iid.FirebaseInstanceIdReceiver"
170-->[com.google.firebase:firebase-messaging:23.4.0] AndroidManifest.xml:30:13-78
171            android:exported="true"
171-->[com.google.firebase:firebase-messaging:23.4.0] AndroidManifest.xml:31:13-36
172            android:permission="com.google.android.c2dm.permission.SEND" >
172-->[com.google.firebase:firebase-messaging:23.4.0] AndroidManifest.xml:32:13-73
173            <intent-filter>
173-->[:react-native-firebase_messaging] AndroidManifest.xml:29:13-31:29
174                <action android:name="com.google.android.c2dm.intent.RECEIVE" />
174-->[:react-native-firebase_messaging] AndroidManifest.xml:30:17-81
174-->[:react-native-firebase_messaging] AndroidManifest.xml:30:25-78
175            </intent-filter>
176
177            <meta-data
177-->[com.google.firebase:firebase-messaging:23.4.0] AndroidManifest.xml:37:13-39:40
178                android:name="com.google.android.gms.cloudmessaging.FINISHED_AFTER_HANDLED"
178-->[com.google.firebase:firebase-messaging:23.4.0] AndroidManifest.xml:38:17-92
179                android:value="true" />
179-->[com.google.firebase:firebase-messaging:23.4.0] AndroidManifest.xml:39:17-37
180        </receiver>
181        <!--
182             FirebaseMessagingService performs security checks at runtime,
183             but set to not exported to explicitly avoid allowing another app to call it.
184        -->
185        <service
185-->[com.google.firebase:firebase-messaging:23.4.0] AndroidManifest.xml:46:9-53:19
186            android:name="com.google.firebase.messaging.FirebaseMessagingService"
186-->[com.google.firebase:firebase-messaging:23.4.0] AndroidManifest.xml:47:13-82
187            android:directBootAware="true"
187-->[com.google.firebase:firebase-messaging:23.4.0] AndroidManifest.xml:48:13-43
188            android:exported="false" >
188-->[com.google.firebase:firebase-messaging:23.4.0] AndroidManifest.xml:49:13-37
189            <intent-filter android:priority="-500" >
189-->[:react-native-firebase_messaging] AndroidManifest.xml:20:13-22:29
190                <action android:name="com.google.firebase.MESSAGING_EVENT" />
190-->[:react-native-firebase_messaging] AndroidManifest.xml:21:17-78
190-->[:react-native-firebase_messaging] AndroidManifest.xml:21:25-75
191            </intent-filter>
192        </service>
193        <service
193-->[com.google.android.datatransport:transport-backend-cct:3.1.8] AndroidManifest.xml:28:9-34:19
194            android:name="com.google.android.datatransport.runtime.backends.TransportBackendDiscovery"
194-->[com.google.android.datatransport:transport-backend-cct:3.1.8] AndroidManifest.xml:29:13-103
195            android:exported="false" >
195-->[com.google.android.datatransport:transport-backend-cct:3.1.8] AndroidManifest.xml:30:13-37
196            <meta-data
196-->[com.google.android.datatransport:transport-backend-cct:3.1.8] AndroidManifest.xml:31:13-33:39
197                android:name="backend:com.google.android.datatransport.cct.CctBackendFactory"
197-->[com.google.android.datatransport:transport-backend-cct:3.1.8] AndroidManifest.xml:32:17-94
198                android:value="cct" />
198-->[com.google.android.datatransport:transport-backend-cct:3.1.8] AndroidManifest.xml:33:17-36
199        </service>
200        <service
200-->[com.google.android.datatransport:transport-runtime:3.1.8] AndroidManifest.xml:26:9-30:19
201            android:name="com.google.android.datatransport.runtime.scheduling.jobscheduling.JobInfoSchedulerService"
201-->[com.google.android.datatransport:transport-runtime:3.1.8] AndroidManifest.xml:27:13-117
202            android:exported="false"
202-->[com.google.android.datatransport:transport-runtime:3.1.8] AndroidManifest.xml:28:13-37
203            android:permission="android.permission.BIND_JOB_SERVICE" >
203-->[com.google.android.datatransport:transport-runtime:3.1.8] AndroidManifest.xml:29:13-69
204        </service>
205
206        <receiver
206-->[com.google.android.datatransport:transport-runtime:3.1.8] AndroidManifest.xml:32:9-34:40
207            android:name="com.google.android.datatransport.runtime.scheduling.jobscheduling.AlarmManagerSchedulerBroadcastReceiver"
207-->[com.google.android.datatransport:transport-runtime:3.1.8] AndroidManifest.xml:33:13-132
208            android:exported="false" />
208-->[com.google.android.datatransport:transport-runtime:3.1.8] AndroidManifest.xml:34:13-37
209
210        <provider
210-->[com.google.firebase:firebase-common:20.4.2] AndroidManifest.xml:23:9-28:39
211            android:name="com.google.firebase.provider.FirebaseInitProvider"
211-->[com.google.firebase:firebase-common:20.4.2] AndroidManifest.xml:24:13-77
212            android:authorities="uk.co.adappt.whoarv.firebaseinitprovider"
212-->[com.google.firebase:firebase-common:20.4.2] AndroidManifest.xml:25:13-72
213            android:directBootAware="true"
213-->[com.google.firebase:firebase-common:20.4.2] AndroidManifest.xml:26:13-43
214            android:exported="false"
214-->[com.google.firebase:firebase-common:20.4.2] AndroidManifest.xml:27:13-37
215            android:initOrder="100" />
215-->[com.google.firebase:firebase-common:20.4.2] AndroidManifest.xml:28:13-36
216
217        <activity
217-->[com.google.android.gms:play-services-auth:20.7.0] AndroidManifest.xml:23:9-27:75
218            android:name="com.google.android.gms.auth.api.signin.internal.SignInHubActivity"
218-->[com.google.android.gms:play-services-auth:20.7.0] AndroidManifest.xml:24:13-93
219            android:excludeFromRecents="true"
219-->[com.google.android.gms:play-services-auth:20.7.0] AndroidManifest.xml:25:13-46
220            android:exported="false"
220-->[com.google.android.gms:play-services-auth:20.7.0] AndroidManifest.xml:26:13-37
221            android:theme="@android:style/Theme.Translucent.NoTitleBar" />
221-->[com.google.android.gms:play-services-auth:20.7.0] AndroidManifest.xml:27:13-72
222        <!--
223            Service handling Google Sign-In user revocation. For apps that do not integrate with
224            Google Sign-In, this service will never be started.
225        -->
226        <service
226-->[com.google.android.gms:play-services-auth:20.7.0] AndroidManifest.xml:33:9-37:51
227            android:name="com.google.android.gms.auth.api.signin.RevocationBoundService"
227-->[com.google.android.gms:play-services-auth:20.7.0] AndroidManifest.xml:34:13-89
228            android:exported="true"
228-->[com.google.android.gms:play-services-auth:20.7.0] AndroidManifest.xml:35:13-36
229            android:permission="com.google.android.gms.auth.api.signin.permission.REVOCATION_NOTIFICATION"
229-->[com.google.android.gms:play-services-auth:20.7.0] AndroidManifest.xml:36:13-107
230            android:visibleToInstantApps="true" />
230-->[com.google.android.gms:play-services-auth:20.7.0] AndroidManifest.xml:37:13-48
231
232        <activity
232-->[com.google.android.gms:play-services-base:18.0.1] AndroidManifest.xml:20:9-22:45
233            android:name="com.google.android.gms.common.api.GoogleApiActivity"
233-->[com.google.android.gms:play-services-base:18.0.1] AndroidManifest.xml:20:19-85
234            android:exported="false"
234-->[com.google.android.gms:play-services-base:18.0.1] AndroidManifest.xml:22:19-43
235            android:theme="@android:style/Theme.Translucent.NoTitleBar" />
235-->[com.google.android.gms:play-services-base:18.0.1] AndroidManifest.xml:21:19-78
236
237        <meta-data
237-->[com.google.android.gms:play-services-basement:18.2.0] AndroidManifest.xml:21:9-23:69
238            android:name="com.google.android.gms.version"
238-->[com.google.android.gms:play-services-basement:18.2.0] AndroidManifest.xml:22:13-58
239            android:value="@integer/google_play_services_version" />
239-->[com.google.android.gms:play-services-basement:18.2.0] AndroidManifest.xml:23:13-66
240
241        <provider
241-->[androidx.emoji2:emoji2:1.0.0] AndroidManifest.xml:26:9-34:20
242            android:name="androidx.startup.InitializationProvider"
242-->[androidx.emoji2:emoji2:1.0.0] AndroidManifest.xml:27:13-67
243            android:authorities="uk.co.adappt.whoarv.androidx-startup"
243-->[androidx.emoji2:emoji2:1.0.0] AndroidManifest.xml:28:13-68
244            android:exported="false" >
244-->[androidx.emoji2:emoji2:1.0.0] AndroidManifest.xml:29:13-37
245            <meta-data
245-->[androidx.emoji2:emoji2:1.0.0] AndroidManifest.xml:31:13-33:52
246                android:name="androidx.emoji2.text.EmojiCompatInitializer"
246-->[androidx.emoji2:emoji2:1.0.0] AndroidManifest.xml:32:17-75
247                android:value="androidx.startup" />
247-->[androidx.emoji2:emoji2:1.0.0] AndroidManifest.xml:33:17-49
248            <meta-data
248-->[androidx.lifecycle:lifecycle-process:2.4.0] AndroidManifest.xml:31:13-33:52
249                android:name="androidx.lifecycle.ProcessLifecycleInitializer"
249-->[androidx.lifecycle:lifecycle-process:2.4.0] AndroidManifest.xml:32:17-78
250                android:value="androidx.startup" />
250-->[androidx.lifecycle:lifecycle-process:2.4.0] AndroidManifest.xml:33:17-49
251        </provider>
252    </application>
253
254</manifest>